{
"contracts\\SimpleStorage.sol":{"l":{"23":1,"27":2,"31":1,"32":1},"path":"C:\\Users\\Saquib\\hardhat-simple-storage-fcc\\contracts\\SimpleStorage.sol","s":{"1":1,"2":2,"3":1,"4":1},"b":{},"f":{"1":1,"2":2,"3":1},"fnMap":{"1":{"name":"store","line":22,"loc":{"start":{"line":22,"column":4},"end":{"line":24,"column":4}}},"2":{"name":"retrieve","line":26,"loc":{"start":{"line":26,"column":4},"end":{"line":28,"column":4}}},"3":{"name":"addPerson","line":30,"loc":{"start":{"line":30,"column":4},"end":{"line":33,"column":4}}}},"statementMap":{"1":{"start":{"line":23,"column":8},"end":{"line":23,"column":39}},"2":{"start":{"line":27,"column":8},"end":{"line":27,"column":29}},"3":{"start":{"line":31,"column":8},"end":{"line":31,"column":50}},"4":{"start":{"line":32,"column":8},"end":{"line":32,"column":52}}},"branchMap":{}}}
